<?xml version="1.0" encoding="UTF-8"?>
<!-- Generated by org.testng.reporters.JUnitReportReporter -->
<testsuite skipped="0" hostname="Lenovo-I7-PC" name="calliopeIntegration.BaseTest" tests="1" failures="0" timestamp="16 Aug 2019 12:23:09 GMT" time="38.272" errors="0">
  <testcase name="BuildSession" time="38.272" classname="calliopeIntegration.BaseTest"/>
</testsuite> <!-- calliopeIntegration.BaseTest -->
