<?xml version="1.0" encoding="UTF-8"?>
<!-- Generated by org.testng.reporters.JUnitReportReporter -->
<testsuite skipped="0" hostname="Lenovo-I7-PC" name="calliopeIntegration.CalliopeAPI" tests="1" failures="0" timestamp="02 Aug 2019 14:00:38 GMT" time="3.472" errors="0">
  <testcase name="calliopeAPIcall" time="3.472" classname="calliopeIntegration.CalliopeAPI"/>
</testsuite> <!-- calliopeIntegration.CalliopeAPI -->
